[demo.goodlayers.com/kingster/homepage-2/index.html]
[backblue.gif]
[fade.gif]
[index.html]
[a6e8z9v6.stackpathcdn.com/kingster/wp-content/cache/wpfc-minified/qhfkg17u/8bqjh.css]
[a6e8z9v6.stackpathcdn.com/kingster/wp-content/cache/wpfc-minified/q53pcy59/8bqjh.css]
[a6e8z9v6.stackpathcdn.com/kingster/wp-content/cache/wpfc-minified/2cwwm6ax/8bqjh.css]
[a6e8z9v6.stackpathcdn.com/kingster/wp-content/cache/wpfc-minified/e1phtqpt/8bqjh.css]
[a6e8z9v6.stackpathcdn.com/kingster/wp-content/cache/wpfc-minified/ko14bs0g/8bqjh.css]
[a6e8z9v6.stackpathcdn.com/kingster/wp-content/cache/wpfc-minified/mna03qls/8bqjh.js]
[a6e8z9v6.stackpathcdn.com/kingster/wp-content/cache/wpfc-minified/lwklx7k3/8bqjh.js]
[a6e8z9v6.stackpathcdn.com/kingster/wp-content/themes/kingster/images/logo.png]
[a6e8z9v6.stackpathcdn.com/kingster/wp-content/uploads/2018/08/mega-menu-bg.jpg]
[a6e8z9v6.stackpathcdn.com/kingster/wp-content/uploads/2018/08/mega-menu-logo.png]
[a6e8z9v6.stackpathcdn.com/kingster/wp-content/plugins/revslider/public/assets/assets/dummy.png]
[demo.goodlayers.com/cdn-cgi/scripts/5c5dd728/cloudflare-static/email-decode.min.js]
[a6e8z9v6.stackpathcdn.com/kingster/wp-content/uploads/2018/08/hp2-col-1.jpg]
[a6e8z9v6.stackpathcdn.com/kingster/wp-content/uploads/2018/08/hp2-col-1-icon.png]
[a6e8z9v6.stackpathcdn.com/kingster/wp-content/uploads/2018/08/hp2-col-2.jpg]
[a6e8z9v6.stackpathcdn.com/kingster/wp-content/uploads/2018/08/hp2-col-2-icon.png]
[a6e8z9v6.stackpathcdn.com/kingster/wp-content/uploads/2018/08/hp2-col-3.jpg]
[a6e8z9v6.stackpathcdn.com/kingster/wp-content/uploads/2018/08/hp2-col-3-icon.png]
[a6e8z9v6.stackpathcdn.com/kingster/wp-content/uploads/2018/08/hp2-col-4.jpg]
[a6e8z9v6.stackpathcdn.com/kingster/wp-content/uploads/2018/08/hp2-col-4-icon.png]
[a6e8z9v6.stackpathcdn.com/kingster/wp-content/uploads/2018/08/logo-white.png]
[a6e8z9v6.stackpathcdn.com/kingster/wp-content/uploads/2018/08/about-building-1.jpg]
[a6e8z9v6.stackpathcdn.com/kingster/wp-content/uploads/2018/08/hp2-video-bg-1.jpg]
[a6e8z9v6.stackpathcdn.com/kingster/wp-content/uploads/2018/08/icon-play.png]
[a6e8z9v6.stackpathcdn.com/kingster/wp-content/uploads/2016/06/shutterstock_734589535.jpg]
[a6e8z9v6.stackpathcdn.com/kingster/wp-content/uploads/2018/08/hp-2-half.jpg]
[a6e8z9v6.stackpathcdn.com/kingster/wp-content/cache/wpfc-minified/evmt9o0/8bqjh.js]
[a6e8z9v6.stackpathcdn.com/kingster/wp-content/uploads/2018/08/col-icon-1.png]
[a6e8z9v6.stackpathcdn.com/kingster/wp-content/uploads/2018/08/col-icon-2.png]
[a6e8z9v6.stackpathcdn.com/kingster/wp-content/uploads/2018/08/col-icon-3.png]
[a6e8z9v6.stackpathcdn.com/kingster/wp-content/uploads/2018/08/col-icon-4.png]
[a6e8z9v6.stackpathcdn.com/kingster/wp-content/uploads/2018/08/tyler-callahan-662157-unsplash-900x500.jpg]
[a6e8z9v6.stackpathcdn.com/kingster/wp-content/uploads/2018/08/page-title-athletics-900x500.jpg]
[a6e8z9v6.stackpathcdn.com/kingster/wp-content/uploads/2018/08/shutterstock_59887279-900x500.jpg]
[a6e8z9v6.stackpathcdn.com/kingster/wp-content/uploads/2016/06/shutterstock_135948689-900x500.jpg]
[a6e8z9v6.stackpathcdn.com/kingster/wp-content/uploads/2018/08/shutterstock_218235004-900x500.jpg]
[a6e8z9v6.stackpathcdn.com/kingster/wp-content/uploads/2016/06/shutterstock_481869205-900x500.jpg]
[a6e8z9v6.stackpathcdn.com/kingster/wp-content/uploads/2018/08/apply-logo.png]
[a6e8z9v6.stackpathcdn.com/kingster/wp-content/uploads/2018/08/hp2-search-bg.jpg]
[a6e8z9v6.stackpathcdn.com/kingster/wp-content/uploads/2018/08/hp-donation.jpg]
[a6e8z9v6.stackpathcdn.com/kingster/wp-content/uploads/2018/08/icon-envelope.png]
[a6e8z9v6.stackpathcdn.com/kingster/wp-content/uploads/2018/08/hp2-link-bg.jpg]
[a6e8z9v6.stackpathcdn.com/kingster/wp-content/uploads/2018/08/banner-1.png]
[a6e8z9v6.stackpathcdn.com/kingster/wp-content/uploads/2018/08/banner-2.png]
[a6e8z9v6.stackpathcdn.com/kingster/wp-content/uploads/2018/08/banner-3.png]
[a6e8z9v6.stackpathcdn.com/kingster/wp-content/uploads/2018/08/banner-4-1.png]
[a6e8z9v6.stackpathcdn.com/kingster/wp-content/uploads/2018/08/banner-5.png]
[a6e8z9v6.stackpathcdn.com/kingster/wp-content/uploads/2018/08/footer-logo.png]
[a6e8z9v6.stackpathcdn.com/kingster/wp-content/cache/wpfc-minified/32o7rjzg/8bqjh.css]
[a6e8z9v6.stackpathcdn.com/kingster/wp-includes/js/dist/vendor/regenerator-runtime.minb36a.js]
[a6e8z9v6.stackpathcdn.com/kingster/wp-content/plugins/contact-form-7/includes/js/index4245.js]
[a6e8z9v6.stackpathcdn.com/kingster/wp-includes/js/dist/vendor/wp-polyfill.min2c7c.js]
[a6e8z9v6.stackpathcdn.com/kingster/wp-content/plugins/woocommerce/assets/js/jquery-blockui/jquery.blockUI.minb106.js]
[a6e8z9v6.stackpathcdn.com/kingster/wp-content/plugins/woocommerce/assets/js/frontend/add-to-cart.min3e35.js]
[a6e8z9v6.stackpathcdn.com/kingster/wp-content/plugins/woocommerce/assets/js/js-cookie/js.cookie.min64be.js]
[a6e8z9v6.stackpathcdn.com/kingster/wp-content/plugins/woocommerce/assets/js/frontend/woocommerce.min3e35.js]
[a6e8z9v6.stackpathcdn.com/kingster/wp-content/plugins/woocommerce/assets/js/frontend/cart-fragments.min3e35.js]
[a6e8z9v6.stackpathcdn.com/kingster/wp-content/plugins/goodlayers-core/include/js/page-builderd36b.js]
[a6e8z9v6.stackpathcdn.com/kingster/wp-includes/js/jquery/ui/effect.min35d0.js]
[a6e8z9v6.stackpathcdn.com/kingster/wp-content/plugins/wp-google-map-plugin/assets/js/maps531b.js]
[a6e8z9v6.stackpathcdn.com/kingster/wp-includes/js/wp-embed.minf658.js]
[a6e8z9v6.stackpathcdn.com/kingster/wp-content/themes/kingster/js/script-core8a54.js]
[demo.goodlayers.com/kingster/homepage-2/index.html]
[a6e8z9v6.stackpathcdn.com/kingster/wp-content/cache/wpfc-minified/qhfkg17u/8bqjh.css]
[a6e8z9v6.stackpathcdn.com/kingster/wp-content/cache/wpfc-minified/q53pcy59/8bqjh.css]
[a6e8z9v6.stackpathcdn.com/kingster/wp-content/cache/wpfc-minified/2cwwm6ax/8bqjh.css]
[a6e8z9v6.stackpathcdn.com/kingster/wp-content/cache/wpfc-minified/e1phtqpt/8bqjh.css]
[a6e8z9v6.stackpathcdn.com/kingster/wp-content/plugins/wp-google-map-plugin/assets/images/white_select_arrow.png]
[a6e8z9v6.stackpathcdn.com/kingster/wp-content/plugins/goodlayers-core/include/images/pattern/pattern-1.png]
[static.cloudflareinsights.com/beacon.min.js]
[a6e8z9v6.stackpathcdn.com/kingster/wp-content/uploads/2018/08/page-title.jpg]
[a6e8z9v6.stackpathcdn.com/kingster/wp-content/cache/wpfc-minified/ko14bs0g/8bqjh.css]
[a6e8z9v6.stackpathcdn.com/kingster/wp-content/cache/wpfc-minified/32o7rjzg/8bqjh.css]
[a6e8z9v6.stackpathcdn.com/kingster/wp-content/plugins/goodlayers-core/plugins/script7cc1.js]
